<?xml version="1.0" encoding="UTF-8"?>
<testng-results ignored="0" total="1" passed="1" failed="0" skipped="0">
  <reporter-output>
    <line>
      <![CDATA[[Step]: Launched Chrome Browser]]>
    </line>
    <line>
      <![CDATA[[Step]: Navigated to flipkart.com]]>
    </line>
    <line>
      <![CDATA[[Step]: Closed login pop-up]]>
    </line>
    <line>
      <![CDATA[[Step]: Searched for 'redMi']]>
    </line>
    <line>
      <![CDATA[REDMI 10 (Caribbean Green, 64 GB)]]>
    </line>
    <line>
      <![CDATA[REDMI 9i Sport (Carbon Black, 64 GB)]]>
    </line>
    <line>
      <![CDATA[REDMI 10 (Pacific Blue, 64 GB)]]>
    </line>
    <line>
      <![CDATA[REDMI 10 (Midnight Black, 64 GB)]]>
    </line>
    <line>
      <![CDATA[REDMI 9i Sport (Coral Green, 64 GB)]]>
    </line>
    <line>
      <![CDATA[REDMI 9i Sport (Metallic Blue, 64 GB)]]>
    </line>
  </reporter-output>
  <suite started-at="2023-01-24T09:55:44 IST" name="Default suite" finished-at="2023-01-24T09:56:05 IST" duration-ms="20641">
    <groups>
    </groups>
    <test started-at="2023-01-24T09:55:44 IST" name="Default test" finished-at="2023-01-24T09:56:05 IST" duration-ms="20641">
      <class name="flipkart.Search.TestScripts.PrintProductsWithMatchingMemoryTest">
        <test-method signature="printPhonesWithRamTest()[pri:0, instance:flipkart.Search.TestScripts.PrintProductsWithMatchingMemoryTest@703580bf]" started-at="2023-01-24T09:55:44 IST" name="printPhonesWithRamTest" finished-at="2023-01-24T09:56:05 IST" duration-ms="20500" status="PASS">
          <reporter-output>
            <line>
              <![CDATA[[Step]: Launched Chrome Browser]]>
            </line>
            <line>
              <![CDATA[[Step]: Navigated to flipkart.com]]>
            </line>
            <line>
              <![CDATA[[Step]: Closed login pop-up]]>
            </line>
            <line>
              <![CDATA[[Step]: Searched for 'redMi']]>
            </line>
            <line>
              <![CDATA[REDMI 10 (Caribbean Green, 64 GB)]]>
            </line>
            <line>
              <![CDATA[REDMI 9i Sport (Carbon Black, 64 GB)]]>
            </line>
            <line>
              <![CDATA[REDMI 10 (Pacific Blue, 64 GB)]]>
            </line>
            <line>
              <![CDATA[REDMI 10 (Midnight Black, 64 GB)]]>
            </line>
            <line>
              <![CDATA[REDMI 9i Sport (Coral Green, 64 GB)]]>
            </line>
            <line>
              <![CDATA[REDMI 9i Sport (Metallic Blue, 64 GB)]]>
            </line>
          </reporter-output>
        </test-method> <!-- printPhonesWithRamTest -->
      </class> <!-- flipkart.Search.TestScripts.PrintProductsWithMatchingMemoryTest -->
    </test> <!-- Default test -->
  </suite> <!-- Default suite -->
</testng-results>
