<?xml version="1.0" encoding="UTF-8"?>
<!-- Generated by org.testng.reporters.JUnitReportReporter -->
<testsuite hostname="LAPTOP-E2PSIL5I" failures="0" tests="1" name="flipkart.Search.TestScripts.AddToCartTest" time="59.499" errors="0" timestamp="2023-01-24T09:43:47 IST" skipped="0">
  <testcase classname="flipkart.Search.TestScripts.AddToCartTest" name="addProductToCartTest" time="59.499"/>
  <system-out>
[Step]: Launched Chrome Browser [Step]: Navigated to flipkart.com [Step]: Closed login pop-up [Step]: Searched for 'winter heater' [Info]: Selected Product title is: play run ™Portable Winter Special Plug-in Smart Mini Handy Room Heater , Electric Fan Air Warmer Machine Blower Adjustable Timer Display Fan Room Heater [Step]: Clicked on first product in search results [Step]: Clicked on 'Add to Cart' button' [ASSERTION PASSED]: Product successfully added to cart  </system-out>
</testsuite> <!-- flipkart.Search.TestScripts.AddToCartTest -->
